<?xml version="1.0" encoding="UTF-8"?>
<testng-results total="4" passed="4" failed="0" skipped="0">
  <reporter-output>
  </reporter-output>
  <suite started-at="2024-12-03T13:59:54Z" name="Test Suite for Buildout" finished-at="2024-12-03T14:00:57Z" duration-ms="62814">
    <groups>
    </groups>
    <test started-at="2024-12-03T13:59:54Z" name="Test Cases for Buildout" finished-at="2024-12-03T14:00:57Z" duration-ms="62814">
      <class name="demo.TestCases">
        <test-method is-config="true" signature="startBrowser()[pri:0, instance:demo.TestCases@5553d0f5]" started-at="2024-12-03T19:29:54Z" name="startBrowser" finished-at="2024-12-03T19:29:57Z" duration-ms="2936" status="PASS">
          <reporter-output>
          </reporter-output>
        </test-method> <!-- startBrowser -->
        <test-method is-config="true" signature="goToYoutube()[pri:0, instance:demo.TestCases@5553d0f5]" started-at="2024-12-03T19:29:57Z" name="goToYoutube" finished-at="2024-12-03T19:30:03Z" duration-ms="6728" status="PASS">
          <reporter-output>
          </reporter-output>
        </test-method> <!-- goToYoutube -->
        <test-method signature="testCase01()[pri:0, instance:demo.TestCases@5553d0f5]" started-at="2024-12-03T19:30:03Z" name="testCase01" finished-at="2024-12-03T19:30:07Z" duration-ms="3520" status="PASS">
          <reporter-output>
          </reporter-output>
        </test-method> <!-- testCase01 -->
        <test-method is-config="true" signature="goToYoutube()[pri:0, instance:demo.TestCases@5553d0f5]" started-at="2024-12-03T19:30:07Z" name="goToYoutube" finished-at="2024-12-03T19:30:12Z" duration-ms="4921" status="PASS">
          <reporter-output>
          </reporter-output>
        </test-method> <!-- goToYoutube -->
        <test-method signature="testCase02()[pri:0, instance:demo.TestCases@5553d0f5]" started-at="2024-12-03T19:30:12Z" name="testCase02" finished-at="2024-12-03T19:30:15Z" duration-ms="2934" status="PASS">
          <reporter-output>
          </reporter-output>
        </test-method> <!-- testCase02 -->
        <test-method is-config="true" signature="goToYoutube()[pri:0, instance:demo.TestCases@5553d0f5]" started-at="2024-12-03T19:30:15Z" name="goToYoutube" finished-at="2024-12-03T19:30:21Z" duration-ms="5736" status="PASS">
          <reporter-output>
          </reporter-output>
        </test-method> <!-- goToYoutube -->
        <test-method signature="testCase03()[pri:0, instance:demo.TestCases@5553d0f5]" started-at="2024-12-03T19:30:21Z" name="testCase03" finished-at="2024-12-03T19:30:29Z" duration-ms="8693" status="PASS">
          <reporter-output>
          </reporter-output>
        </test-method> <!-- testCase03 -->
        <test-method is-config="true" signature="goToYoutube()[pri:0, instance:demo.TestCases@5553d0f5]" started-at="2024-12-03T19:30:29Z" name="goToYoutube" finished-at="2024-12-03T19:30:34Z" duration-ms="4540" status="PASS">
          <reporter-output>
          </reporter-output>
        </test-method> <!-- goToYoutube -->
        <test-method signature="testCase04()[pri:0, instance:demo.TestCases@5553d0f5]" started-at="2024-12-03T19:30:34Z" name="testCase04" finished-at="2024-12-03T19:30:55Z" duration-ms="21690" status="PASS">
          <reporter-output>
          </reporter-output>
        </test-method> <!-- testCase04 -->
        <test-method is-config="true" signature="endTest()[pri:0, instance:demo.TestCases@5553d0f5]" started-at="2024-12-03T19:30:55Z" name="endTest" finished-at="2024-12-03T19:30:57Z" duration-ms="1087" status="PASS">
          <reporter-output>
          </reporter-output>
        </test-method> <!-- endTest -->
      </class> <!-- demo.TestCases -->
    </test> <!-- Test Cases for Buildout -->
  </suite> <!-- Test Suite for Buildout -->
</testng-results>
